{"/Users/jing/shared space/gworkspace/github/utility-node-opts-parser/index.js":{"path":"/Users/jing/shared space/gworkspace/github/utility-node-opts-parser/index.js","s":{"1":1,"2":1,"3":1,"4":9,"5":0,"6":9,"7":13},"b":{"1":[0,9]},"f":{"1":9,"2":13},"fnMap":{"1":{"name":"(anonymous_1)","line":9,"loc":{"start":{"line":2,"column":0},"end":{"line":2,"column":0}}},"2":{"name":"(anonymous_2)","line":13,"loc":{"start":{"line":2,"column":0},"end":{"line":2,"column":0}}}},"statementMap":{"1":{"start":{"line":0,"column":0},"end":{"line":0,"column":0},"skip":true},"2":{"start":{"line":0,"column":0},"end":{"line":0,"column":0},"skip":true},"3":{"start":{"line":2,"column":0},"end":{"line":2,"column":0}},"4":{"start":{"line":2,"column":0},"end":{"line":2,"column":0}},"5":{"start":{"line":2,"column":0},"end":{"line":2,"column":0}},"6":{"start":{"line":2,"column":0},"end":{"line":2,"column":0}},"7":{"start":{"line":2,"column":0},"end":{"line":2,"column":0}}},"branchMap":{"1":{"line":10,"type":"if","locations":[{"start":{"line":2,"column":0},"end":{"line":2,"column":0}},{"start":{"line":2,"column":0},"end":{"line":2,"column":0}}]}}},"/Users/jing/shared space/gworkspace/github/utility-node-opts-parser/lib/opts-parser.js":{"path":"/Users/jing/shared space/gworkspace/github/utility-node-opts-parser/lib/opts-parser.js","s":{"1":1,"2":1,"3":1,"4":1,"5":1,"6":1,"7":1,"8":1,"9":1,"10":1,"11":1,"12":1,"13":44,"14":44,"15":16,"16":28,"17":10,"18":18,"19":1,"20":5,"21":1,"22":5,"23":1,"24":5,"25":1,"26":1,"27":1,"28":13,"29":2,"30":11,"31":5,"32":1,"33":2,"34":2,"35":2,"36":8,"37":2,"38":1,"39":2,"40":2,"41":2,"42":11,"43":2,"44":1,"45":1,"46":1,"47":1,"48":6,"49":1,"50":1,"51":2,"52":2,"53":2,"54":10,"55":2,"56":8,"57":2,"58":1,"59":2,"60":2,"61":2,"62":14,"63":14,"64":14,"65":14,"66":14,"67":6,"68":8,"69":0,"70":2,"71":1,"72":1,"73":1,"74":1,"75":8,"76":8,"77":8,"78":8,"79":1},"b":{"1":[16,28],"2":[10,18],"3":[1,4],"4":[1,4],"5":[2,11],"6":[13,12],"7":[6,5,1],"8":[2,8],"9":[14,0],"10":[6,8],"11":[4,4]},"f":{"1":44,"2":5,"3":5,"4":2,"5":2,"6":1,"7":2,"8":2,"9":1},"fnMap":{"1":{"name":"getCanonicalOptName","line":31,"loc":{"start":{"line":17,"column":7},"end":{"line":17,"column":47}}},"2":{"name":"getEnv","line":55,"loc":{"start":{"line":44,"column":7},"end":{"line":44,"column":26}}},"3":{"name":"getArgv","line":69,"loc":{"start":{"line":58,"column":7},"end":{"line":58,"column":27}}},"4":{"name":"hasOptsInEnv","line":94,"loc":{"start":{"line":83,"column":7},"end":{"line":83,"column":40}}},"5":{"name":"hasOptsInArgv","line":112,"loc":{"start":{"line":101,"column":7},"end":{"line":101,"column":41}}},"6":{"name":"hasOpts","line":130,"loc":{"start":{"line":119,"column":7},"end":{"line":119,"column":35}}},"7":{"name":"getOptsFromEnv","line":149,"loc":{"start":{"line":138,"column":7},"end":{"line":138,"column":42}}},"8":{"name":"getOptsFromArgv","line":172,"loc":{"start":{"line":162,"column":7},"end":{"line":162,"column":43}}},"9":{"name":"getOpts","line":207,"loc":{"start":{"line":198,"column":7},"end":{"line":198,"column":35}}}},"statementMap":{"1":{"start":{"line":0,"column":0},"end":{"line":0,"column":0},"skip":true},"2":{"start":{"line":0,"column":0},"end":{"line":0,"column":0},"skip":true},"3":{"start":{"line":0,"column":0},"end":{"line":0,"column":0},"skip":true},"4":{"start":{"line":0,"column":0},"end":{"line":0,"column":0},"skip":true},"5":{"start":{"line":0,"column":0},"end":{"line":0,"column":0},"skip":true},"6":{"start":{"line":0,"column":0},"end":{"line":0,"column":0},"skip":true},"7":{"start":{"line":0,"column":0},"end":{"line":0,"column":0},"skip":true},"8":{"start":{"line":0,"column":0},"end":{"line":0,"column":0},"skip":true},"9":{"start":{"line":0,"column":0},"end":{"line":0,"column":0},"skip":true},"10":{"start":{"line":0,"column":0},"end":{"line":0,"column":0},"skip":true},"11":{"start":{"line":8,"column":0},"end":{"line":8,"column":0}},"12":{"start":{"line":17,"column":7},"end":{"line":37,"column":1}},"13":{"start":{"line":19,"column":2},"end":{"line":19,"column":2}},"14":{"start":{"line":21,"column":2},"end":{"line":31,"column":3}},"15":{"start":{"line":24,"column":4},"end":{"line":24,"column":4}},"16":{"start":{"line":26,"column":9},"end":{"line":31,"column":3}},"17":{"start":{"line":29,"column":4},"end":{"line":29,"column":4}},"18":{"start":{"line":35,"column":2},"end":{"line":35,"column":2}},"19":{"start":{"line":44,"column":7},"end":{"line":50,"column":1}},"20":{"start":{"line":45,"column":2},"end":{"line":47,"column":3}},"21":{"start":{"line":46,"column":4},"end":{"line":46,"column":4}},"22":{"start":{"line":49,"column":2},"end":{"line":49,"column":2}},"23":{"start":{"line":58,"column":7},"end":{"line":75,"column":1}},"24":{"start":{"line":60,"column":2},"end":{"line":72,"column":3}},"25":{"start":{"line":61,"column":4},"end":{"line":61,"column":4}},"26":{"start":{"line":62,"column":4},"end":{"line":62,"column":4}},"27":{"start":{"line":64,"column":4},"end":{"line":64,"column":4}},"28":{"start":{"line":66,"column":6},"end":{"line":68,"column":7}},"29":{"start":{"line":67,"column":8},"end":{"line":67,"column":8}},"30":{"start":{"line":70,"column":6},"end":{"line":70,"column":6}},"31":{"start":{"line":74,"column":2},"end":{"line":74,"column":2}},"32":{"start":{"line":83,"column":7},"end":{"line":93,"column":1}},"33":{"start":{"line":85,"column":2},"end":{"line":85,"column":2}},"34":{"start":{"line":86,"column":2},"end":{"line":86,"column":2}},"35":{"start":{"line":88,"column":2},"end":{"line":90,"column":3}},"36":{"start":{"line":89,"column":4},"end":{"line":89,"column":4}},"37":{"start":{"line":92,"column":2},"end":{"line":92,"column":2}},"38":{"start":{"line":101,"column":7},"end":{"line":111,"column":1}},"39":{"start":{"line":103,"column":2},"end":{"line":103,"column":2}},"40":{"start":{"line":104,"column":2},"end":{"line":104,"column":2}},"41":{"start":{"line":106,"column":2},"end":{"line":108,"column":3}},"42":{"start":{"line":107,"column":4},"end":{"line":107,"column":4}},"43":{"start":{"line":110,"column":2},"end":{"line":110,"column":2}},"44":{"start":{"line":119,"column":7},"end":{"line":130,"column":1}},"45":{"start":{"line":120,"column":2},"end":{"line":120,"column":2}},"46":{"start":{"line":121,"column":2},"end":{"line":121,"column":2}},"47":{"start":{"line":123,"column":2},"end":{"line":127,"column":3}},"48":{"start":{"line":126,"column":4},"end":{"line":126,"column":4}},"49":{"start":{"line":129,"column":2},"end":{"line":129,"column":2}},"50":{"start":{"line":138,"column":7},"end":{"line":154,"column":1}},"51":{"start":{"line":140,"column":2},"end":{"line":140,"column":2}},"52":{"start":{"line":141,"column":2},"end":{"line":141,"column":2}},"53":{"start":{"line":143,"column":2},"end":{"line":151,"column":3}},"54":{"start":{"line":145,"column":4},"end":{"line":149,"column":5}},"55":{"start":{"line":146,"column":6},"end":{"line":146,"column":6}},"56":{"start":{"line":148,"column":6},"end":{"line":148,"column":6}},"57":{"start":{"line":153,"column":2},"end":{"line":153,"column":2}},"58":{"start":{"line":162,"column":7},"end":{"line":190,"column":1}},"59":{"start":{"line":164,"column":2},"end":{"line":164,"column":2}},"60":{"start":{"line":165,"column":2},"end":{"line":165,"column":2}},"61":{"start":{"line":167,"column":2},"end":{"line":187,"column":3}},"62":{"start":{"line":169,"column":4},"end":{"line":169,"column":4}},"63":{"start":{"line":170,"column":4},"end":{"line":170,"column":4}},"64":{"start":{"line":172,"column":4},"end":{"line":186,"column":5}},"65":{"start":{"line":174,"column":6},"end":{"line":174,"column":6}},"66":{"start":{"line":178,"column":6},"end":{"line":182,"column":7}},"67":{"start":{"line":179,"column":8},"end":{"line":179,"column":8}},"68":{"start":{"line":181,"column":8},"end":{"line":181,"column":8}},"69":{"start":{"line":185,"column":6},"end":{"line":185,"column":6}},"70":{"start":{"line":189,"column":2},"end":{"line":189,"column":2}},"71":{"start":{"line":198,"column":7},"end":{"line":214,"column":1}},"72":{"start":{"line":200,"column":2},"end":{"line":200,"column":2}},"73":{"start":{"line":201,"column":2},"end":{"line":201,"column":2}},"74":{"start":{"line":203,"column":2},"end":{"line":211,"column":3}},"75":{"start":{"line":205,"column":4},"end":{"line":205,"column":4}},"76":{"start":{"line":206,"column":4},"end":{"line":206,"column":4}},"77":{"start":{"line":207,"column":4},"end":{"line":207,"column":4}},"78":{"start":{"line":209,"column":4},"end":{"line":209,"column":4}},"79":{"start":{"line":213,"column":2},"end":{"line":213,"column":2}}},"branchMap":{"1":{"line":35,"type":"if","locations":[{"start":{"line":21,"column":2},"end":{"line":21,"column":2}},{"start":{"line":21,"column":2},"end":{"line":21,"column":2}}]},"2":{"line":39,"type":"if","locations":[{"start":{"line":26,"column":9},"end":{"line":26,"column":9}},{"start":{"line":26,"column":9},"end":{"line":26,"column":9}}]},"3":{"line":56,"type":"if","locations":[{"start":{"line":45,"column":2},"end":{"line":45,"column":2}},{"start":{"line":45,"column":2},"end":{"line":45,"column":2}}]},"4":{"line":71,"type":"if","locations":[{"start":{"line":60,"column":2},"end":{"line":60,"column":2}},{"start":{"line":60,"column":2},"end":{"line":60,"column":2}}]},"5":{"line":77,"type":"if","locations":[{"start":{"line":66,"column":6},"end":{"line":66,"column":6}},{"start":{"line":66,"column":6},"end":{"line":66,"column":6}}]},"6":{"line":77,"type":"binary-expr","locations":[{"start":{"line":66,"column":11},"end":{"line":66,"column":11}},{"start":{"line":66,"column":31},"end":{"line":66,"column":6}}]},"7":{"line":137,"type":"binary-expr","locations":[{"start":{"line":126,"column":28},"end":{"line":126,"column":28}},{"start":{"line":126,"column":42},"end":{"line":126,"column":28}},{"start":{"line":126,"column":70},"end":{"line":126,"column":4}}]},"8":{"line":156,"type":"if","locations":[{"start":{"line":145,"column":4},"end":{"line":145,"column":4}},{"start":{"line":145,"column":4},"end":{"line":145,"column":4}}]},"9":{"line":182,"type":"if","locations":[{"start":{"line":172,"column":4},"end":{"line":172,"column":4}},{"start":{"line":172,"column":4},"end":{"line":172,"column":4}}]},"10":{"line":188,"type":"if","locations":[{"start":{"line":178,"column":6},"end":{"line":178,"column":6}},{"start":{"line":178,"column":6},"end":{"line":178,"column":6}}]},"11":{"line":218,"type":"cond-expr","locations":[{"start":{"line":209,"column":44},"end":{"line":209,"column":26}},{"start":{"line":209,"column":55},"end":{"line":209,"column":4}}]}}}}